{"timestamp":"2025-11-18T06:00:00.969397Z","level":"info","event":"DAG bundles loaded: dags-folder","logger":"airflow.dag_processing.bundles.manager.DagBundlesManager","filename":"manager.py","lineno":179}
{"timestamp":"2025-11-18T06:00:00.970241Z","level":"info","event":"Filling up the DagBag from /opt/airflow/dags/wwarn_dag.py","logger":"airflow.models.dagbag.DagBag","filename":"dagbag.py","lineno":593}
{"timestamp":"2025-11-18T06:00:01.390330Z","level":"info","event":"================================================================================","logger":"unusual_prefix_20c75613f71807a81b73763e894c0c6db0bf8822_wwarn_dag","filename":"wwarn_dag.py","lineno":123}
{"timestamp":"2025-11-18T06:00:01.390480Z","level":"info","event":"기상청 특보현황 조회 (발표시간 기준)","logger":"unusual_prefix_20c75613f71807a81b73763e894c0c6db0bf8822_wwarn_dag","filename":"wwarn_dag.py","lineno":124}
{"timestamp":"2025-11-18T06:00:01.390553Z","level":"info","event":"================================================================================","logger":"unusual_prefix_20c75613f71807a81b73763e894c0c6db0bf8822_wwarn_dag","filename":"wwarn_dag.py","lineno":125}
{"timestamp":"2025-11-18T06:00:01.390648Z","level":"info","event":"요청: https://apihub.kma.go.kr/api/typ01/url/wrn_now_data.php","logger":"unusual_prefix_20c75613f71807a81b73763e894c0c6db0bf8822_wwarn_dag","filename":"wwarn_dag.py","lineno":140}
{"timestamp":"2025-11-18T06:00:01.390712Z","level":"info","event":"파라미터: fe=f, tm=202511180600","logger":"unusual_prefix_20c75613f71807a81b73763e894c0c6db0bf8822_wwarn_dag","filename":"wwarn_dag.py","lineno":141}
{"timestamp":"2025-11-18T06:00:01.390768Z","level":"info","event":"[API 요청 중...]","logger":"unusual_prefix_20c75613f71807a81b73763e894c0c6db0bf8822_wwarn_dag","filename":"wwarn_dag.py","lineno":142}
{"timestamp":"2025-11-18T06:00:08.608324Z","level":"info","event":"✓ 응답 수신: 15642 bytes","logger":"unusual_prefix_20c75613f71807a81b73763e894c0c6db0bf8822_wwarn_dag","filename":"wwarn_dag.py","lineno":148}
{"timestamp":"2025-11-18T06:00:08.608456Z","level":"info","event":"응답 파싱 시작...","logger":"unusual_prefix_20c75613f71807a81b73763e894c0c6db0bf8822_wwarn_dag","filename":"wwarn_dag.py","lineno":74}
{"timestamp":"2025-11-18T06:00:08.608722Z","level":"info","event":"✓ 헤더 파싱 성공: 10개 컬럼 - ['REG_UP', 'REG_UP_KO', 'REG_ID', 'REG_KO', 'TM_FC', 'TM_EF', 'WRN', 'LVL', 'CMD', 'ED_TM']","logger":"unusual_prefix_20c75613f71807a81b73763e894c0c6db0bf8822_wwarn_dag","filename":"wwarn_dag.py","lineno":97}
{"timestamp":"2025-11-18T06:00:08.609005Z","level":"info","event":"✓ 파싱 완료: 100건","logger":"unusual_prefix_20c75613f71807a81b73763e894c0c6db0bf8822_wwarn_dag","filename":"wwarn_dag.py","lineno":115}
{"timestamp":"2025-11-18T06:00:08.609062Z","level":"info","event":"✓ 조회 성공: 100건","logger":"unusual_prefix_20c75613f71807a81b73763e894c0c6db0bf8822_wwarn_dag","filename":"wwarn_dag.py","lineno":156}
{"timestamp":"2025-11-18T06:00:08.609109Z","level":"info","event":"================================================================================","logger":"unusual_prefix_20c75613f71807a81b73763e894c0c6db0bf8822_wwarn_dag","filename":"wwarn_dag.py","lineno":159}
{"timestamp":"2025-11-18T06:00:08.609153Z","level":"info","event":"데이터 전처리","logger":"unusual_prefix_20c75613f71807a81b73763e894c0c6db0bf8822_wwarn_dag","filename":"wwarn_dag.py","lineno":160}
{"timestamp":"2025-11-18T06:00:08.609195Z","level":"info","event":"================================================================================","logger":"unusual_prefix_20c75613f71807a81b73763e894c0c6db0bf8822_wwarn_dag","filename":"wwarn_dag.py","lineno":161}
{"timestamp":"2025-11-18T06:00:08.610101Z","level":"info","event":"입력: 100건, 10개 컬럼","logger":"unusual_prefix_20c75613f71807a81b73763e894c0c6db0bf8822_wwarn_dag","filename":"wwarn_dag.py","lineno":168}
{"timestamp":"2025-11-18T06:00:08.616095Z","level":"info","event":"✓ TM_FC 날짜 변환","logger":"unusual_prefix_20c75613f71807a81b73763e894c0c6db0bf8822_wwarn_dag","filename":"wwarn_dag.py","lineno":190}
{"timestamp":"2025-11-18T06:00:08.616816Z","level":"info","event":"✓ TM_EF 날짜 변환","logger":"unusual_prefix_20c75613f71807a81b73763e894c0c6db0bf8822_wwarn_dag","filename":"wwarn_dag.py","lineno":190}
{"timestamp":"2025-11-18T06:00:08.617227Z","level":"info","event":"✓ 전처리 완료: 100건","logger":"unusual_prefix_20c75613f71807a81b73763e894c0c6db0bf8822_wwarn_dag","filename":"wwarn_dag.py","lineno":197}
{"timestamp":"2025-11-18T06:00:08.620565Z","level":"info","event":"================================================================================","logger":"unusual_prefix_20c75613f71807a81b73763e894c0c6db0bf8822_wwarn_dag","filename":"wwarn_dag.py","lineno":207}
{"timestamp":"2025-11-18T06:00:08.620658Z","level":"info","event":"CSV 저장","logger":"unusual_prefix_20c75613f71807a81b73763e894c0c6db0bf8822_wwarn_dag","filename":"wwarn_dag.py","lineno":208}
{"timestamp":"2025-11-18T06:00:08.620725Z","level":"info","event":"================================================================================","logger":"unusual_prefix_20c75613f71807a81b73763e894c0c6db0bf8822_wwarn_dag","filename":"wwarn_dag.py","lineno":209}
{"timestamp":"2025-11-18T06:00:08.620778Z","level":"info","event":"✅ 저장 완료: /tmp/airflow_kma_data/warning_status_20251118_060008.csv","logger":"unusual_prefix_20c75613f71807a81b73763e894c0c6db0bf8822_wwarn_dag","filename":"wwarn_dag.py","lineno":210}
{"timestamp":"2025-11-18T06:00:08.620828Z","level":"info","event":"  데이터: 100건","logger":"unusual_prefix_20c75613f71807a81b73763e894c0c6db0bf8822_wwarn_dag","filename":"wwarn_dag.py","lineno":211}
{"timestamp":"2025-11-18T06:00:08.620874Z","level":"info","event":"  컬럼: 11개","logger":"unusual_prefix_20c75613f71807a81b73763e894c0c6db0bf8822_wwarn_dag","filename":"wwarn_dag.py","lineno":212}
{"timestamp":"2025-11-18T06:00:08.639878Z","level":"info","event":"Done. Returned value was: /tmp/airflow_kma_data/warning_status_20251118_060008.csv","logger":"airflow.task.operators.airflow.providers.standard.operators.python.PythonOperator","filename":"python.py","lineno":215}
{"timestamp":"2025-11-18T06:00:08.640103Z","level":"info","event":"Pushing xcom","ti":"RuntimeTaskInstance(id=UUID('019a958c-7273-745a-9816-df4b67d9fa31'), task_id='fetch_and_preprocess', dag_id='kma_warning_pipeline', run_id='scheduled__2025-11-18T06:00:00+00:00', try_number=1, dag_version_id=UUID('019a9532-1751-7837-a445-5fd2d8e54676'), map_index=-1, hostname='56b0370f89b2', context_carrier={}, task=<Task(PythonOperator): fetch_and_preprocess>, bundle_instance=LocalDagBundle(name=dags-folder), max_tries=2, start_date=datetime.datetime(2025, 11, 18, 6, 0, 0, 940288, tzinfo=datetime.timezone.utc), end_date=None, state=<TaskInstanceState.RUNNING: 'running'>, is_mapped=False, rendered_map_index=None)","logger":"task","filename":"task_runner.py","lineno":1357}
